0 info it worked if it ends with ok
1 verbose cli [ '/usr/local/node/bin/node',
1 verbose cli   '/usr/local/node/bin/npm',
1 verbose cli   'start' ]
2 info using npm@4.0.5
3 info using node@v6.9.2
4 verbose run-script [ 'prestart', 'start', 'poststart' ]
5 info lifecycle Node-MemoBoard@0.1.0~prestart: Node-MemoBoard@0.1.0
6 silly lifecycle Node-MemoBoard@0.1.0~prestart: no script for prestart, continuing
7 info lifecycle Node-MemoBoard@0.1.0~start: Node-MemoBoard@0.1.0
8 verbose lifecycle Node-MemoBoard@0.1.0~start: unsafe-perm in lifecycle true
9 verbose lifecycle Node-MemoBoard@0.1.0~start: PATH: /usr/local/node/lib/node_modules/npm/bin/node-gyp-bin:/home/jihwankim/Project/Nodejs/Node-MemoBoard/node_modules/.bin:/home/jihwankim/workspace/java/jdk1.8.0_111/bin:/home/jihwankim/bin:/home/jihwankim/.local/bin:/usr/local/sbin:/usr/local/bin:/usr/sbin:/usr/bin:/sbin:/bin:/usr/games:/usr/local/games:/snap/bin:/usr/lib/jvm/java-9-oracle/bin:/usr/lib/jvm/java-9-oracle/db/bin:/usr/local/node/bin
10 verbose lifecycle Node-MemoBoard@0.1.0~start: CWD: /home/jihwankim/Project/Nodejs/Node-MemoBoard
11 silly lifecycle Node-MemoBoard@0.1.0~start: Args: [ '-c', 'nodemon index.js' ]
12 silly lifecycle Node-MemoBoard@0.1.0~start: Returned: code: 1  signal: null
13 info lifecycle Node-MemoBoard@0.1.0~start: Failed to exec start script
14 verbose stack Error: Node-MemoBoard@0.1.0 start: `nodemon index.js`
14 verbose stack Exit status 1
14 verbose stack     at EventEmitter.<anonymous> (/usr/local/node/lib/node_modules/npm/lib/utils/lifecycle.js:279:16)
14 verbose stack     at emitTwo (events.js:106:13)
14 verbose stack     at EventEmitter.emit (events.js:191:7)
14 verbose stack     at ChildProcess.<anonymous> (/usr/local/node/lib/node_modules/npm/lib/utils/spawn.js:40:14)
14 verbose stack     at emitTwo (events.js:106:13)
14 verbose stack     at ChildProcess.emit (events.js:191:7)
14 verbose stack     at maybeClose (internal/child_process.js:877:16)
14 verbose stack     at Process.ChildProcess._handle.onexit (internal/child_process.js:226:5)
15 verbose pkgid Node-MemoBoard@0.1.0
16 verbose cwd /home/jihwankim/Project/Nodejs/Node-MemoBoard
17 error Linux 4.4.0-57-generic
18 error argv "/usr/local/node/bin/node" "/usr/local/node/bin/npm" "start"
19 error node v6.9.2
20 error npm  v4.0.5
21 error code ELIFECYCLE
22 error Node-MemoBoard@0.1.0 start: `nodemon index.js`
22 error Exit status 1
23 error Failed at the Node-MemoBoard@0.1.0 start script 'nodemon index.js'.
23 error Make sure you have the latest version of node.js and npm installed.
23 error If you do, this is most likely a problem with the Node-MemoBoard package,
23 error not with npm itself.
23 error Tell the author that this fails on your system:
23 error     nodemon index.js
23 error You can get information on how to open an issue for this project with:
23 error     npm bugs Node-MemoBoard
23 error Or if that isn't available, you can get their info via:
23 error     npm owner ls Node-MemoBoard
23 error There is likely additional logging output above.
24 verbose exit [ 1, true ]
